Host command: /CMC/tools/cadence/IUS08.20.024_lnx86/tools/verilog/bin/verilog.exe
Command arguments:
    divider.v
    controller.v
    datapath.v
    test_divider.v

Tool:	VERILOG-XL	08.20.001-p log file created Mar 28, 2015  21:50:06
Tool:	VERILOG-XL	08.20.001-p   Mar 28, 2015  21:50:06

Copyright (c) 1995-2004 Cadence Design Systems, Inc.  All Rights Reserved.
Unpublished -- rights reserved under the copyright laws of the United States.

Copyright (c) 1995-2004 UNIX Systems Laboratories, Inc.  Reproduced with Permission.

THIS SOFTWARE AND ON-LINE DOCUMENTATION CONTAIN CONFIDENTIAL INFORMATION
AND TRADE SECRETS OF CADENCE DESIGN SYSTEMS, INC.  USE, DISCLOSURE, OR
REPRODUCTION IS PROHIBITED WITHOUT THE PRIOR EXPRESS WRITTEN PERMISSION OF
CADENCE DESIGN SYSTEMS, INC.
RESTRICTED RIGHTS LEGEND

Use, duplication, or disclosure by the Government is subject to
restrictions as set forth in subparagraph (c)(1)(ii) of the Rights in
Technical Data and Computer Software clause at DFARS 252.227-7013 or
subparagraphs (c)(1) and (2) of Commercial Computer Software -- Restricted
Rights at 48 CFR 52.227-19, as applicable.

                Cadence Design Systems, Inc.
                555 River Oaks Parkway
                San Jose, California  95134

For technical assistance please contact the Cadence Response Center at
1-877-CDS-4911 or send email to support@cadence.com

For more information on Cadence's Verilog-XL product line send email to
talkv@cadence.com

Compiling source file "divider.v"
Compiling source file "controller.v"
Compiling source file "datapath.v"
Compiling source file "test_divider.v"
Highest level modules:
test_divider

Dividen:  36, 00100100
Divisor:   1, 0000001
Quotient:  36, 00100100
Remainder: 0000000, Quotient: 01001000, Valid: 0
Remainder: 1111111, Quotient: 01001000, Valid: 0
Remainder: 0000000, Quotient: 10010000, Valid: 0
Remainder: 1111111, Quotient: 10010000, Valid: 0
Remainder: 0000000, Quotient: 00100000, Valid: 0
Remainder: 0000000, Quotient: 00100000, Valid: 0
Remainder: 0000000, Quotient: 01000001, Valid: 0
Remainder: 1111111, Quotient: 01000001, Valid: 0
Remainder: 0000000, Quotient: 10000010, Valid: 0
Remainder: 1111111, Quotient: 10000010, Valid: 0
Remainder: 0000000, Quotient: 00000100, Valid: 0
Remainder: 0000000, Quotient: 00000100, Valid: 0
Remainder: 0000000, Quotient: 00001001, Valid: 0
Remainder: 1111111, Quotient: 00001001, Valid: 0
Remainder: 0000000, Quotient: 00010010, Valid: 0
Remainder: 1111111, Quotient: 00010010, Valid: 0
Remainder: 0000000, Quotient: 00100100, Valid: 1
Pass:  36/  1 =  36 rem   0
Dividen:   9, 00001001
Divisor:  99, 1100011
Quotient:   0, 00000000
Remainder: 0000000, Quotient: 00010010, Valid: 0
Remainder: 1001110, Quotient: 00010010, Valid: 0
Remainder: 0000000, Quotient: 00100100, Valid: 0
Remainder: 1001110, Quotient: 00100100, Valid: 0
Remainder: 0000000, Quotient: 01001000, Valid: 0
Remainder: 1001110, Quotient: 01001000, Valid: 0
Remainder: 0000000, Quotient: 10010000, Valid: 0
Remainder: 1001110, Quotient: 10010000, Valid: 0
Remainder: 0000000, Quotient: 00100000, Valid: 0
Remainder: 1001111, Quotient: 00100000, Valid: 0
Remainder: 0000001, Quotient: 01000000, Valid: 0
Remainder: 1001111, Quotient: 01000000, Valid: 0
Remainder: 0000010, Quotient: 10000000, Valid: 0
Remainder: 1010000, Quotient: 10000000, Valid: 0
Remainder: 0000100, Quotient: 00000000, Valid: 0
Remainder: 1010011, Quotient: 00000000, Valid: 0
Remainder: 0001001, Quotient: 00000000, Valid: 1
Pass:   9/ 99 =   0 rem   9
Dividen:  13, 00001101
Divisor:  13, 0001101
Quotient:   1, 00000001
Remainder: 0000000, Quotient: 00011010, Valid: 0
Remainder: 1111001, Quotient: 00011010, Valid: 0
Remainder: 0000000, Quotient: 00110100, Valid: 0
Remainder: 1111001, Quotient: 00110100, Valid: 0
Remainder: 0000000, Quotient: 01101000, Valid: 0
Remainder: 1111001, Quotient: 01101000, Valid: 0
Remainder: 0000000, Quotient: 11010000, Valid: 0
Remainder: 1111001, Quotient: 11010000, Valid: 0
Remainder: 0000000, Quotient: 10100000, Valid: 0
Remainder: 1111010, Quotient: 10100000, Valid: 0
Remainder: 0000001, Quotient: 01000000, Valid: 0
Remainder: 1111011, Quotient: 01000000, Valid: 0
Remainder: 0000011, Quotient: 10000000, Valid: 0
Remainder: 1111100, Quotient: 10000000, Valid: 0
Remainder: 0000110, Quotient: 00000000, Valid: 0
Remainder: 0000000, Quotient: 00000000, Valid: 0
Remainder: 0000000, Quotient: 00000001, Valid: 1
Pass:  13/ 13 =   1 rem   0
Dividen: 101, 01100101
Divisor:  18, 0010010
Quotient:   5, 00000101
Remainder: 0000000, Quotient: 11001010, Valid: 0
Remainder: 1110111, Quotient: 11001010, Valid: 0
Remainder: 0000000, Quotient: 10010100, Valid: 0
Remainder: 1110111, Quotient: 10010100, Valid: 0
Remainder: 0000001, Quotient: 00101000, Valid: 0
Remainder: 1111000, Quotient: 00101000, Valid: 0
Remainder: 0000011, Quotient: 01010000, Valid: 0
Remainder: 1111010, Quotient: 01010000, Valid: 0
Remainder: 0000110, Quotient: 10100000, Valid: 0
Remainder: 1111101, Quotient: 10100000, Valid: 0
Remainder: 0001100, Quotient: 01000000, Valid: 0
Remainder: 0000011, Quotient: 01000000, Valid: 0
Remainder: 0000111, Quotient: 10000001, Valid: 0
Remainder: 1111110, Quotient: 10000001, Valid: 0
Remainder: 0001110, Quotient: 00000010, Valid: 0
Remainder: 0000101, Quotient: 00000010, Valid: 0
Remainder: 0001011, Quotient: 00000101, Valid: 1
Pass: 101/ 18 =   5 rem  11
Dividen:   1, 00000001
Divisor:  13, 0001101
Quotient:   0, 00000000
Remainder: 0000000, Quotient: 00000010, Valid: 0
Remainder: 1111001, Quotient: 00000010, Valid: 0
Remainder: 0000000, Quotient: 00000100, Valid: 0
Remainder: 1111001, Quotient: 00000100, Valid: 0
Remainder: 0000000, Quotient: 00001000, Valid: 0
Remainder: 1111001, Quotient: 00001000, Valid: 0
Remainder: 0000000, Quotient: 00010000, Valid: 0
Remainder: 1111001, Quotient: 00010000, Valid: 0
Remainder: 0000000, Quotient: 00100000, Valid: 0
Remainder: 1111001, Quotient: 00100000, Valid: 0
Remainder: 0000000, Quotient: 01000000, Valid: 0
Remainder: 1111001, Quotient: 01000000, Valid: 0
Remainder: 0000000, Quotient: 10000000, Valid: 0
Remainder: 1111001, Quotient: 10000000, Valid: 0
Remainder: 0000000, Quotient: 00000000, Valid: 0
Remainder: 1111010, Quotient: 00000000, Valid: 0
Remainder: 0000001, Quotient: 00000000, Valid: 1
Pass:   1/ 13 =   0 rem   1
Dividen: 118, 01110110
Divisor:  61, 0111101
Quotient:   1, 00000001
Remainder: 0000000, Quotient: 11101100, Valid: 0
Remainder: 1100001, Quotient: 11101100, Valid: 0
Remainder: 0000000, Quotient: 11011000, Valid: 0
Remainder: 1100010, Quotient: 11011000, Valid: 0
Remainder: 0000001, Quotient: 10110000, Valid: 0
Remainder: 1100011, Quotient: 10110000, Valid: 0
Remainder: 0000011, Quotient: 01100000, Valid: 0
Remainder: 1100101, Quotient: 01100000, Valid: 0
Remainder: 0000111, Quotient: 11000000, Valid: 0
Remainder: 1101000, Quotient: 11000000, Valid: 0
Remainder: 0001110, Quotient: 10000000, Valid: 0
Remainder: 1110000, Quotient: 10000000, Valid: 0
Remainder: 0011101, Quotient: 00000000, Valid: 0
Remainder: 1111111, Quotient: 00000000, Valid: 0
Remainder: 0111011, Quotient: 00000000, Valid: 0
Remainder: 0011100, Quotient: 00000000, Valid: 0
Remainder: 0111001, Quotient: 00000001, Valid: 1
Pass: 118/ 61 =   1 rem  57
Dividen: 237, 11101101
Divisor:  12, 0001100
Quotient:  19, 00010011
Remainder: 0000000, Quotient: 11011010, Valid: 0
Remainder: 1111010, Quotient: 11011010, Valid: 0
Remainder: 0000001, Quotient: 10110100, Valid: 0
Remainder: 1111011, Quotient: 10110100, Valid: 0
Remainder: 0000011, Quotient: 01101000, Valid: 0
Remainder: 1111101, Quotient: 01101000, Valid: 0
Remainder: 0000111, Quotient: 11010000, Valid: 0
Remainder: 0000001, Quotient: 11010000, Valid: 0
Remainder: 0000010, Quotient: 10100001, Valid: 0
Remainder: 1111100, Quotient: 10100001, Valid: 0
Remainder: 0000101, Quotient: 01000010, Valid: 0
Remainder: 1111111, Quotient: 01000010, Valid: 0
Remainder: 0001011, Quotient: 10000100, Valid: 0
Remainder: 0000101, Quotient: 10000100, Valid: 0
Remainder: 0001010, Quotient: 00001001, Valid: 0
Remainder: 0000100, Quotient: 00001001, Valid: 0
Remainder: 0001001, Quotient: 00010011, Valid: 1
Pass: 237/ 12 =  19 rem   9
Dividen: 249, 11111001
Divisor:  70, 1000110
Quotient:   3, 00000011
Remainder: 0000000, Quotient: 11110010, Valid: 0
Remainder: 1011101, Quotient: 11110010, Valid: 0
Remainder: 0000001, Quotient: 11100100, Valid: 0
Remainder: 1011110, Quotient: 11100100, Valid: 0
Remainder: 0000011, Quotient: 11001000, Valid: 0
Remainder: 1100000, Quotient: 11001000, Valid: 0
Remainder: 0000111, Quotient: 10010000, Valid: 0
Remainder: 1100100, Quotient: 10010000, Valid: 0
Remainder: 0001111, Quotient: 00100000, Valid: 0
Remainder: 1101100, Quotient: 00100000, Valid: 0
Remainder: 0011111, Quotient: 01000000, Valid: 0
Remainder: 1111100, Quotient: 01000000, Valid: 0
Remainder: 0111110, Quotient: 10000000, Valid: 0
Remainder: 0011011, Quotient: 10000000, Valid: 0
Remainder: 0110110, Quotient: 00000001, Valid: 0
Remainder: 0010011, Quotient: 00000001, Valid: 0
Remainder: 0100111, Quotient: 00000011, Valid: 1
Pass: 249/ 70 =   3 rem  39
Dividen: 197, 11000101
Divisor:  42, 0101010
Quotient:   4, 00000100
Remainder: 0000000, Quotient: 10001010, Valid: 0
Remainder: 1101011, Quotient: 10001010, Valid: 0
Remainder: 0000001, Quotient: 00010100, Valid: 0
Remainder: 1101100, Quotient: 00010100, Valid: 0
Remainder: 0000011, Quotient: 00101000, Valid: 0
Remainder: 1101110, Quotient: 00101000, Valid: 0
Remainder: 0000110, Quotient: 01010000, Valid: 0
Remainder: 1110001, Quotient: 01010000, Valid: 0
Remainder: 0001100, Quotient: 10100000, Valid: 0
Remainder: 1110111, Quotient: 10100000, Valid: 0
Remainder: 0011000, Quotient: 01000000, Valid: 0
Remainder: 0000011, Quotient: 01000000, Valid: 0
Remainder: 0000111, Quotient: 10000001, Valid: 0
Remainder: 1110010, Quotient: 10000001, Valid: 0
Remainder: 0001110, Quotient: 00000010, Valid: 0
Remainder: 1111001, Quotient: 00000010, Valid: 0
Remainder: 0011101, Quotient: 00000100, Valid: 1
Pass: 197/ 42 =   4 rem  29
Dividen: 229, 11100101
Divisor: 119, 1110111
Quotient:   1, 00000001
Remainder: 0000000, Quotient: 11001010, Valid: 0
Remainder: 1000101, Quotient: 11001010, Valid: 0
Remainder: 0000001, Quotient: 10010100, Valid: 0
Remainder: 1000110, Quotient: 10010100, Valid: 0
Remainder: 0000011, Quotient: 00101000, Valid: 0
Remainder: 1001000, Quotient: 00101000, Valid: 0
Remainder: 0000111, Quotient: 01010000, Valid: 0
Remainder: 1001011, Quotient: 01010000, Valid: 0
Remainder: 0001110, Quotient: 10100000, Valid: 0
Remainder: 1010010, Quotient: 10100000, Valid: 0
Remainder: 0011100, Quotient: 01000000, Valid: 0
Remainder: 1100001, Quotient: 01000000, Valid: 0
Remainder: 0111001, Quotient: 10000000, Valid: 0
Remainder: 1111101, Quotient: 10000000, Valid: 0
Remainder: 1110010, Quotient: 00000000, Valid: 0
Remainder: 0110111, Quotient: 00000000, Valid: 0
Remainder: 1101110, Quotient: 00000001, Valid: 1
Pass: 229/119 =   1 rem 110
Dividen:  18, 00010010
Divisor:  15, 0001111
Quotient:   1, 00000001
Remainder: 0000000, Quotient: 00100100, Valid: 0
Remainder: 1111000, Quotient: 00100100, Valid: 0
Remainder: 0000000, Quotient: 01001000, Valid: 0
Remainder: 1111000, Quotient: 01001000, Valid: 0
Remainder: 0000000, Quotient: 10010000, Valid: 0
Remainder: 1111000, Quotient: 10010000, Valid: 0
Remainder: 0000000, Quotient: 00100000, Valid: 0
Remainder: 1111001, Quotient: 00100000, Valid: 0
Remainder: 0000001, Quotient: 01000000, Valid: 0
Remainder: 1111001, Quotient: 01000000, Valid: 0
Remainder: 0000010, Quotient: 10000000, Valid: 0
Remainder: 1111010, Quotient: 10000000, Valid: 0
Remainder: 0000100, Quotient: 00000000, Valid: 0
Remainder: 1111101, Quotient: 00000000, Valid: 0
Remainder: 0001001, Quotient: 00000000, Valid: 0
Remainder: 0000001, Quotient: 00000000, Valid: 0
Remainder: 0000011, Quotient: 00000001, Valid: 1
Pass:  18/ 15 =   1 rem   3
Dividen: 242, 11110010
Divisor:  78, 1001110
Quotient:   3, 00000011
Remainder: 0000000, Quotient: 11100100, Valid: 0
Remainder: 1011001, Quotient: 11100100, Valid: 0
Remainder: 0000001, Quotient: 11001000, Valid: 0
Remainder: 1011010, Quotient: 11001000, Valid: 0
Remainder: 0000011, Quotient: 10010000, Valid: 0
Remainder: 1011100, Quotient: 10010000, Valid: 0
Remainder: 0000111, Quotient: 00100000, Valid: 0
Remainder: 1100000, Quotient: 00100000, Valid: 0
Remainder: 0001111, Quotient: 01000000, Valid: 0
Remainder: 1101000, Quotient: 01000000, Valid: 0
Remainder: 0011110, Quotient: 10000000, Valid: 0
Remainder: 1110111, Quotient: 10000000, Valid: 0
Remainder: 0111100, Quotient: 00000000, Valid: 0
Remainder: 0010101, Quotient: 00000000, Valid: 0
Remainder: 0101011, Quotient: 00000001, Valid: 0
Remainder: 0000100, Quotient: 00000001, Valid: 0
Remainder: 0001000, Quotient: 00000011, Valid: 1
Pass: 242/ 78 =   3 rem   8
Dividen: 232, 11101000
Divisor:  69, 1000101
Quotient:   3, 00000011
Remainder: 0000000, Quotient: 11010000, Valid: 0
Remainder: 1011110, Quotient: 11010000, Valid: 0
Remainder: 0000001, Quotient: 10100000, Valid: 0
Remainder: 1011111, Quotient: 10100000, Valid: 0
Remainder: 0000011, Quotient: 01000000, Valid: 0
Remainder: 1100001, Quotient: 01000000, Valid: 0
Remainder: 0000111, Quotient: 10000000, Valid: 0
Remainder: 1100100, Quotient: 10000000, Valid: 0
Remainder: 0001110, Quotient: 00000000, Valid: 0
Remainder: 1101100, Quotient: 00000000, Valid: 0
Remainder: 0011101, Quotient: 00000000, Valid: 0
Remainder: 1111010, Quotient: 00000000, Valid: 0
Remainder: 0111010, Quotient: 00000000, Valid: 0
Remainder: 0010111, Quotient: 00000000, Valid: 0
Remainder: 0101111, Quotient: 00000001, Valid: 0
Remainder: 0001100, Quotient: 00000001, Valid: 0
Remainder: 0011001, Quotient: 00000011, Valid: 1
Pass: 232/ 69 =   3 rem  25
Dividen:  92, 01011100
Divisor:  61, 0111101
Quotient:   1, 00000001
Remainder: 0000000, Quotient: 10111000, Valid: 0
Remainder: 1100001, Quotient: 10111000, Valid: 0
Remainder: 0000000, Quotient: 01110000, Valid: 0
Remainder: 1100010, Quotient: 01110000, Valid: 0
Remainder: 0000001, Quotient: 11100000, Valid: 0
Remainder: 1100010, Quotient: 11100000, Valid: 0
Remainder: 0000010, Quotient: 11000000, Valid: 0
Remainder: 1100100, Quotient: 11000000, Valid: 0
Remainder: 0000101, Quotient: 10000000, Valid: 0
Remainder: 1100111, Quotient: 10000000, Valid: 0
Remainder: 0001011, Quotient: 00000000, Valid: 0
Remainder: 1101101, Quotient: 00000000, Valid: 0
Remainder: 0010111, Quotient: 00000000, Valid: 0
Remainder: 1111000, Quotient: 00000000, Valid: 0
Remainder: 0101110, Quotient: 00000000, Valid: 0
Remainder: 0001111, Quotient: 00000000, Valid: 0
Remainder: 0011111, Quotient: 00000001, Valid: 1
Pass:  92/ 61 =   1 rem  31
Dividen:  45, 00101101
Divisor: 101, 1100101
Quotient:   0, 00000000
Remainder: 0000000, Quotient: 01011010, Valid: 0
Remainder: 1001101, Quotient: 01011010, Valid: 0
Remainder: 0000000, Quotient: 10110100, Valid: 0
Remainder: 1001101, Quotient: 10110100, Valid: 0
Remainder: 0000000, Quotient: 01101000, Valid: 0
Remainder: 1001110, Quotient: 01101000, Valid: 0
Remainder: 0000001, Quotient: 11010000, Valid: 0
Remainder: 1001110, Quotient: 11010000, Valid: 0
Remainder: 0000010, Quotient: 10100000, Valid: 0
Remainder: 1010000, Quotient: 10100000, Valid: 0
Remainder: 0000101, Quotient: 01000000, Valid: 0
Remainder: 1010011, Quotient: 01000000, Valid: 0
Remainder: 0001011, Quotient: 10000000, Valid: 0
Remainder: 1011000, Quotient: 10000000, Valid: 0
Remainder: 0010110, Quotient: 00000000, Valid: 0
Remainder: 1100100, Quotient: 00000000, Valid: 0
Remainder: 0101101, Quotient: 00000000, Valid: 1
Pass:  45/101 =   0 rem  45
Dividen:  99, 01100011
Divisor:  10, 0001010
Quotient:   9, 00001001
Remainder: 0000000, Quotient: 11000110, Valid: 0
Remainder: 1111011, Quotient: 11000110, Valid: 0
Remainder: 0000000, Quotient: 10001100, Valid: 0
Remainder: 1111011, Quotient: 10001100, Valid: 0
Remainder: 0000001, Quotient: 00011000, Valid: 0
Remainder: 1111100, Quotient: 00011000, Valid: 0
Remainder: 0000011, Quotient: 00110000, Valid: 0
Remainder: 1111110, Quotient: 00110000, Valid: 0
Remainder: 0000110, Quotient: 01100000, Valid: 0
Remainder: 0000001, Quotient: 01100000, Valid: 0
Remainder: 0000010, Quotient: 11000001, Valid: 0
Remainder: 1111101, Quotient: 11000001, Valid: 0
Remainder: 0000100, Quotient: 10000010, Valid: 0
Remainder: 1111111, Quotient: 10000010, Valid: 0
Remainder: 0001001, Quotient: 00000100, Valid: 0
Remainder: 0000100, Quotient: 00000100, Valid: 0
Remainder: 0001001, Quotient: 00001001, Valid: 1
Pass:  99/ 10 =   9 rem   9
Dividen: 128, 10000000
Divisor:  32, 0100000
Quotient:   4, 00000100
Remainder: 0000000, Quotient: 00000000, Valid: 0
Remainder: 1110000, Quotient: 00000000, Valid: 0
Remainder: 0000001, Quotient: 00000000, Valid: 0
Remainder: 1110001, Quotient: 00000000, Valid: 0
Remainder: 0000010, Quotient: 00000000, Valid: 0
Remainder: 1110010, Quotient: 00000000, Valid: 0
Remainder: 0000100, Quotient: 00000000, Valid: 0
Remainder: 1110100, Quotient: 00000000, Valid: 0
Remainder: 0001000, Quotient: 00000000, Valid: 0
Remainder: 1111000, Quotient: 00000000, Valid: 0
Remainder: 0010000, Quotient: 00000000, Valid: 0
Remainder: 0000000, Quotient: 00000000, Valid: 0
Remainder: 0000000, Quotient: 00000001, Valid: 0
Remainder: 1110000, Quotient: 00000001, Valid: 0
Remainder: 0000000, Quotient: 00000010, Valid: 0
Remainder: 1110000, Quotient: 00000010, Valid: 0
Remainder: 0000000, Quotient: 00000100, Valid: 1
Pass: 128/ 32 =   4 rem   0
Dividen: 170, 10101010
Divisor:  29, 0011101
Quotient:   5, 00000101
Remainder: 0000000, Quotient: 01010100, Valid: 0
Remainder: 1110010, Quotient: 01010100, Valid: 0
Remainder: 0000001, Quotient: 10101000, Valid: 0
Remainder: 1110010, Quotient: 10101000, Valid: 0
Remainder: 0000010, Quotient: 01010000, Valid: 0
Remainder: 1110100, Quotient: 01010000, Valid: 0
Remainder: 0000101, Quotient: 10100000, Valid: 0
Remainder: 1110110, Quotient: 10100000, Valid: 0
Remainder: 0001010, Quotient: 01000000, Valid: 0
Remainder: 1111100, Quotient: 01000000, Valid: 0
Remainder: 0010101, Quotient: 10000000, Valid: 0
Remainder: 0000110, Quotient: 10000000, Valid: 0
Remainder: 0001101, Quotient: 00000001, Valid: 0
Remainder: 1111111, Quotient: 00000001, Valid: 0
Remainder: 0011011, Quotient: 00000010, Valid: 0
Remainder: 0001100, Quotient: 00000010, Valid: 0
Remainder: 0011001, Quotient: 00000101, Valid: 1
Pass: 170/ 29 =   5 rem  25
Dividen: 150, 10010110
Divisor:  19, 0010011
Quotient:   7, 00000111
Remainder: 0000000, Quotient: 00101100, Valid: 0
Remainder: 1110111, Quotient: 00101100, Valid: 0
Remainder: 0000001, Quotient: 01011000, Valid: 0
Remainder: 1110111, Quotient: 01011000, Valid: 0
Remainder: 0000010, Quotient: 10110000, Valid: 0
Remainder: 1111000, Quotient: 10110000, Valid: 0
Remainder: 0000100, Quotient: 01100000, Valid: 0
Remainder: 1111011, Quotient: 01100000, Valid: 0
Remainder: 0001001, Quotient: 11000000, Valid: 0
Remainder: 1111111, Quotient: 11000000, Valid: 0
Remainder: 0010010, Quotient: 10000000, Valid: 0
Remainder: 0001001, Quotient: 10000000, Valid: 0
Remainder: 0010010, Quotient: 00000001, Valid: 0
Remainder: 0001001, Quotient: 00000001, Valid: 0
Remainder: 0010010, Quotient: 00000011, Valid: 0
Remainder: 0001000, Quotient: 00000011, Valid: 0
Remainder: 0010001, Quotient: 00000111, Valid: 1
Pass: 150/ 19 =   7 rem  17
Dividen:  13, 00001101
Divisor:  83, 1010011
Quotient:   0, 00000000
Remainder: 0000000, Quotient: 00011010, Valid: 0
Remainder: 1010110, Quotient: 00011010, Valid: 0
Remainder: 0000000, Quotient: 00110100, Valid: 0
Remainder: 1010110, Quotient: 00110100, Valid: 0
Remainder: 0000000, Quotient: 01101000, Valid: 0
Remainder: 1010110, Quotient: 01101000, Valid: 0
Remainder: 0000000, Quotient: 11010000, Valid: 0
Remainder: 1010110, Quotient: 11010000, Valid: 0
Remainder: 0000000, Quotient: 10100000, Valid: 0
Remainder: 1010111, Quotient: 10100000, Valid: 0
Remainder: 0000001, Quotient: 01000000, Valid: 0
Remainder: 1011000, Quotient: 01000000, Valid: 0
Remainder: 0000011, Quotient: 10000000, Valid: 0
Remainder: 1011001, Quotient: 10000000, Valid: 0
Remainder: 0000110, Quotient: 00000000, Valid: 0
Remainder: 1011101, Quotient: 00000000, Valid: 0
Remainder: 0001101, Quotient: 00000000, Valid: 1
Pass:  13/ 83 =   0 rem  13
Dividen: 107, 01101011
Divisor:  85, 1010101
Quotient:   1, 00000001
Remainder: 0000000, Quotient: 11010110, Valid: 0
Remainder: 1010101, Quotient: 11010110, Valid: 0
Remainder: 0000000, Quotient: 10101100, Valid: 0
Remainder: 1010110, Quotient: 10101100, Valid: 0
Remainder: 0000001, Quotient: 01011000, Valid: 0
Remainder: 1010111, Quotient: 01011000, Valid: 0
Remainder: 0000011, Quotient: 10110000, Valid: 0
Remainder: 1011000, Quotient: 10110000, Valid: 0
Remainder: 0000110, Quotient: 01100000, Valid: 0
Remainder: 1011100, Quotient: 01100000, Valid: 0
Remainder: 0001101, Quotient: 11000000, Valid: 0
Remainder: 1100010, Quotient: 11000000, Valid: 0
Remainder: 0011010, Quotient: 10000000, Valid: 0
Remainder: 1110000, Quotient: 10000000, Valid: 0
Remainder: 0110101, Quotient: 00000000, Valid: 0
Remainder: 0001011, Quotient: 00000000, Valid: 0
Remainder: 0010110, Quotient: 00000001, Valid: 1
Pass: 107/ 85 =   1 rem  22
Dividen:   2, 00000010
Divisor:  46, 0101110
Quotient:   0, 00000000
Remainder: 0000000, Quotient: 00000100, Valid: 0
Remainder: 1101001, Quotient: 00000100, Valid: 0
Remainder: 0000000, Quotient: 00001000, Valid: 0
Remainder: 1101001, Quotient: 00001000, Valid: 0
Remainder: 0000000, Quotient: 00010000, Valid: 0
Remainder: 1101001, Quotient: 00010000, Valid: 0
Remainder: 0000000, Quotient: 00100000, Valid: 0
Remainder: 1101001, Quotient: 00100000, Valid: 0
Remainder: 0000000, Quotient: 01000000, Valid: 0
Remainder: 1101001, Quotient: 01000000, Valid: 0
Remainder: 0000000, Quotient: 10000000, Valid: 0
Remainder: 1101001, Quotient: 10000000, Valid: 0
Remainder: 0000000, Quotient: 00000000, Valid: 0
Remainder: 1101001, Quotient: 00000000, Valid: 0
Remainder: 0000001, Quotient: 00000000, Valid: 0
Remainder: 1101010, Quotient: 00000000, Valid: 0
Remainder: 0000010, Quotient: 00000000, Valid: 1
Pass:   2/ 46 =   0 rem   2
Dividen:  29, 00011101
Divisor:  79, 1001111
Quotient:   0, 00000000
Remainder: 0000000, Quotient: 00111010, Valid: 0
Remainder: 1011000, Quotient: 00111010, Valid: 0
Remainder: 0000000, Quotient: 01110100, Valid: 0
Remainder: 1011000, Quotient: 01110100, Valid: 0
Remainder: 0000000, Quotient: 11101000, Valid: 0
Remainder: 1011000, Quotient: 11101000, Valid: 0
Remainder: 0000000, Quotient: 11010000, Valid: 0
Remainder: 1011001, Quotient: 11010000, Valid: 0
Remainder: 0000001, Quotient: 10100000, Valid: 0
Remainder: 1011010, Quotient: 10100000, Valid: 0
Remainder: 0000011, Quotient: 01000000, Valid: 0
Remainder: 1011100, Quotient: 01000000, Valid: 0
Remainder: 0000111, Quotient: 10000000, Valid: 0
Remainder: 1011111, Quotient: 10000000, Valid: 0
Remainder: 0001110, Quotient: 00000000, Valid: 0
Remainder: 1100111, Quotient: 00000000, Valid: 0
Remainder: 0011101, Quotient: 00000000, Valid: 1
Pass:  29/ 79 =   0 rem  29
Dividen:  35, 00100011
Divisor:  10, 0001010
Quotient:   3, 00000011
Remainder: 0000000, Quotient: 01000110, Valid: 0
Remainder: 1111011, Quotient: 01000110, Valid: 0
Remainder: 0000000, Quotient: 10001100, Valid: 0
Remainder: 1111011, Quotient: 10001100, Valid: 0
Remainder: 0000000, Quotient: 00011000, Valid: 0
Remainder: 1111011, Quotient: 00011000, Valid: 0
Remainder: 0000001, Quotient: 00110000, Valid: 0
Remainder: 1111100, Quotient: 00110000, Valid: 0
Remainder: 0000010, Quotient: 01100000, Valid: 0
Remainder: 1111101, Quotient: 01100000, Valid: 0
Remainder: 0000100, Quotient: 11000000, Valid: 0
Remainder: 1111111, Quotient: 11000000, Valid: 0
Remainder: 0001000, Quotient: 10000000, Valid: 0
Remainder: 0000011, Quotient: 10000000, Valid: 0
Remainder: 0000111, Quotient: 00000001, Valid: 0
Remainder: 0000010, Quotient: 00000001, Valid: 0
Remainder: 0000101, Quotient: 00000011, Valid: 1
Pass:  35/ 10 =   3 rem   5
Dividen: 202, 11001010
Divisor:  60, 0111100
Quotient:   3, 00000011
Remainder: 0000000, Quotient: 10010100, Valid: 0
Remainder: 1100010, Quotient: 10010100, Valid: 0
Remainder: 0000001, Quotient: 00101000, Valid: 0
Remainder: 1100011, Quotient: 00101000, Valid: 0
Remainder: 0000011, Quotient: 01010000, Valid: 0
Remainder: 1100101, Quotient: 01010000, Valid: 0
Remainder: 0000110, Quotient: 10100000, Valid: 0
Remainder: 1101000, Quotient: 10100000, Valid: 0
Remainder: 0001100, Quotient: 01000000, Valid: 0
Remainder: 1101110, Quotient: 01000000, Valid: 0
Remainder: 0011001, Quotient: 10000000, Valid: 0
Remainder: 1111011, Quotient: 10000000, Valid: 0
Remainder: 0110010, Quotient: 00000000, Valid: 0
Remainder: 0010100, Quotient: 00000000, Valid: 0
Remainder: 0101001, Quotient: 00000001, Valid: 0
Remainder: 0001011, Quotient: 00000001, Valid: 0
Remainder: 0010110, Quotient: 00000011, Valid: 1
Pass: 202/ 60 =   3 rem  22
Dividen: 242, 11110010
Divisor:  10, 0001010
Quotient:  24, 00011000
Remainder: 0000000, Quotient: 11100100, Valid: 0
Remainder: 1111011, Quotient: 11100100, Valid: 0
Remainder: 0000001, Quotient: 11001000, Valid: 0
Remainder: 1111100, Quotient: 11001000, Valid: 0
Remainder: 0000011, Quotient: 10010000, Valid: 0
Remainder: 1111110, Quotient: 10010000, Valid: 0
Remainder: 0000111, Quotient: 00100000, Valid: 0
Remainder: 0000010, Quotient: 00100000, Valid: 0
Remainder: 0000101, Quotient: 01000001, Valid: 0
Remainder: 0000000, Quotient: 01000001, Valid: 0
Remainder: 0000000, Quotient: 10000011, Valid: 0
Remainder: 1111011, Quotient: 10000011, Valid: 0
Remainder: 0000000, Quotient: 00000110, Valid: 0
Remainder: 1111011, Quotient: 00000110, Valid: 0
Remainder: 0000001, Quotient: 00001100, Valid: 0
Remainder: 1111100, Quotient: 00001100, Valid: 0
Remainder: 0000010, Quotient: 00011000, Valid: 1
Pass: 242/ 10 =  24 rem   2
Dividen:  65, 01000001
Divisor:  88, 1011000
Quotient:   0, 00000000
Remainder: 0000000, Quotient: 10000010, Valid: 0
Remainder: 1010100, Quotient: 10000010, Valid: 0
Remainder: 0000000, Quotient: 00000100, Valid: 0
Remainder: 1010100, Quotient: 00000100, Valid: 0
Remainder: 0000001, Quotient: 00001000, Valid: 0
Remainder: 1010101, Quotient: 00001000, Valid: 0
Remainder: 0000010, Quotient: 00010000, Valid: 0
Remainder: 1010110, Quotient: 00010000, Valid: 0
Remainder: 0000100, Quotient: 00100000, Valid: 0
Remainder: 1011000, Quotient: 00100000, Valid: 0
Remainder: 0001000, Quotient: 01000000, Valid: 0
Remainder: 1011100, Quotient: 01000000, Valid: 0
Remainder: 0010000, Quotient: 10000000, Valid: 0
Remainder: 1100100, Quotient: 10000000, Valid: 0
Remainder: 0100000, Quotient: 00000000, Valid: 0
Remainder: 1110100, Quotient: 00000000, Valid: 0
Remainder: 1000001, Quotient: 00000000, Valid: 1
Pass:  65/ 88 =   0 rem  65
Dividen: 120, 01111000
Divisor:   9, 0001001
Quotient:  13, 00001101
Remainder: 0000000, Quotient: 11110000, Valid: 0
Remainder: 1111011, Quotient: 11110000, Valid: 0
Remainder: 0000000, Quotient: 11100000, Valid: 0
Remainder: 1111100, Quotient: 11100000, Valid: 0
Remainder: 0000001, Quotient: 11000000, Valid: 0
Remainder: 1111101, Quotient: 11000000, Valid: 0
Remainder: 0000011, Quotient: 10000000, Valid: 0
Remainder: 1111111, Quotient: 10000000, Valid: 0
Remainder: 0000111, Quotient: 00000000, Valid: 0
Remainder: 0000011, Quotient: 00000000, Valid: 0
Remainder: 0000110, Quotient: 00000001, Valid: 0
Remainder: 0000001, Quotient: 00000001, Valid: 0
Remainder: 0000011, Quotient: 00000011, Valid: 0
Remainder: 1111110, Quotient: 00000011, Valid: 0
Remainder: 0000110, Quotient: 00000110, Valid: 0
Remainder: 0000001, Quotient: 00000110, Valid: 0
Remainder: 0000011, Quotient: 00001101, Valid: 1
Pass: 120/  9 =  13 rem   3
Dividen: 235, 11101011
Divisor:  54, 0110110
Quotient:   4, 00000100
Remainder: 0000000, Quotient: 11010110, Valid: 0
Remainder: 1100101, Quotient: 11010110, Valid: 0
Remainder: 0000001, Quotient: 10101100, Valid: 0
Remainder: 1100110, Quotient: 10101100, Valid: 0
Remainder: 0000011, Quotient: 01011000, Valid: 0
Remainder: 1101000, Quotient: 01011000, Valid: 0
Remainder: 0000111, Quotient: 10110000, Valid: 0
Remainder: 1101100, Quotient: 10110000, Valid: 0
Remainder: 0001110, Quotient: 01100000, Valid: 0
Remainder: 1110011, Quotient: 01100000, Valid: 0
Remainder: 0011101, Quotient: 11000000, Valid: 0
Remainder: 0000010, Quotient: 11000000, Valid: 0
Remainder: 0000100, Quotient: 10000001, Valid: 0
Remainder: 1101001, Quotient: 10000001, Valid: 0
Remainder: 0001001, Quotient: 00000010, Valid: 0
Remainder: 1101110, Quotient: 00000010, Valid: 0
Remainder: 0010011, Quotient: 00000100, Valid: 1
Pass: 235/ 54 =   4 rem  19
Dividen: 198, 11000110
Divisor:  46, 0101110
Quotient:   4, 00000100
Remainder: 0000000, Quotient: 10001100, Valid: 0
Remainder: 1101001, Quotient: 10001100, Valid: 0
Remainder: 0000001, Quotient: 00011000, Valid: 0
Remainder: 1101010, Quotient: 00011000, Valid: 0
Remainder: 0000011, Quotient: 00110000, Valid: 0
Remainder: 1101100, Quotient: 00110000, Valid: 0
Remainder: 0000110, Quotient: 01100000, Valid: 0
Remainder: 1101111, Quotient: 01100000, Valid: 0
Remainder: 0001100, Quotient: 11000000, Valid: 0
Remainder: 1110101, Quotient: 11000000, Valid: 0
Remainder: 0011000, Quotient: 10000000, Valid: 0
Remainder: 0000001, Quotient: 10000000, Valid: 0
Remainder: 0000011, Quotient: 00000001, Valid: 0
Remainder: 1101100, Quotient: 00000001, Valid: 0
Remainder: 0000111, Quotient: 00000010, Valid: 0
Remainder: 1110000, Quotient: 00000010, Valid: 0
Remainder: 0001110, Quotient: 00000100, Valid: 1
Pass: 198/ 46 =   4 rem  14
Dividen: 188, 10111100
Divisor:  42, 0101010
Quotient:   4, 00000100
Remainder: 0000000, Quotient: 01111000, Valid: 0
Remainder: 1101011, Quotient: 01111000, Valid: 0
Remainder: 0000001, Quotient: 11110000, Valid: 0
Remainder: 1101100, Quotient: 11110000, Valid: 0
Remainder: 0000010, Quotient: 11100000, Valid: 0
Remainder: 1101101, Quotient: 11100000, Valid: 0
Remainder: 0000101, Quotient: 11000000, Valid: 0
Remainder: 1110000, Quotient: 11000000, Valid: 0
Remainder: 0001011, Quotient: 10000000, Valid: 0
Remainder: 1110110, Quotient: 10000000, Valid: 0
Remainder: 0010111, Quotient: 00000000, Valid: 0
Remainder: 0000010, Quotient: 00000000, Valid: 0
Remainder: 0000101, Quotient: 00000001, Valid: 0
Remainder: 1110000, Quotient: 00000001, Valid: 0
Remainder: 0001010, Quotient: 00000010, Valid: 0
Remainder: 1110101, Quotient: 00000010, Valid: 0
Remainder: 0010100, Quotient: 00000100, Valid: 1
Pass: 188/ 42 =   4 rem  20
Dividen:  11, 00001011
Divisor: 113, 1110001
Quotient:   0, 00000000
Remainder: 0000000, Quotient: 00010110, Valid: 0
Remainder: 1000111, Quotient: 00010110, Valid: 0
Remainder: 0000000, Quotient: 00101100, Valid: 0
Remainder: 1000111, Quotient: 00101100, Valid: 0
Remainder: 0000000, Quotient: 01011000, Valid: 0
Remainder: 1000111, Quotient: 01011000, Valid: 0
Remainder: 0000000, Quotient: 10110000, Valid: 0
Remainder: 1000111, Quotient: 10110000, Valid: 0
Remainder: 0000000, Quotient: 01100000, Valid: 0
Remainder: 1001000, Quotient: 01100000, Valid: 0
Remainder: 0000001, Quotient: 11000000, Valid: 0
Remainder: 1001000, Quotient: 11000000, Valid: 0
Remainder: 0000010, Quotient: 10000000, Valid: 0
Remainder: 1001010, Quotient: 10000000, Valid: 0
Remainder: 0000101, Quotient: 00000000, Valid: 0
Remainder: 1001101, Quotient: 00000000, Valid: 0
Remainder: 0001011, Quotient: 00000000, Valid: 1
Pass:  11/113 =   0 rem  11
Dividen: 133, 10000101
Divisor:  79, 1001111
Quotient:   1, 00000001
Remainder: 0000000, Quotient: 00001010, Valid: 0
Remainder: 1011001, Quotient: 00001010, Valid: 0
Remainder: 0000001, Quotient: 00010100, Valid: 0
Remainder: 1011001, Quotient: 00010100, Valid: 0
Remainder: 0000010, Quotient: 00101000, Valid: 0
Remainder: 1011010, Quotient: 00101000, Valid: 0
Remainder: 0000100, Quotient: 01010000, Valid: 0
Remainder: 1011100, Quotient: 01010000, Valid: 0
Remainder: 0001000, Quotient: 10100000, Valid: 0
Remainder: 1100000, Quotient: 10100000, Valid: 0
Remainder: 0010000, Quotient: 01000000, Valid: 0
Remainder: 1101001, Quotient: 01000000, Valid: 0
Remainder: 0100001, Quotient: 10000000, Valid: 0
Remainder: 1111001, Quotient: 10000000, Valid: 0
Remainder: 1000010, Quotient: 00000000, Valid: 0
Remainder: 0011011, Quotient: 00000000, Valid: 0
Remainder: 0110110, Quotient: 00000001, Valid: 1
Pass: 133/ 79 =   1 rem  54
Dividen:  59, 00111011
Divisor:  58, 0111010
Quotient:   1, 00000001
Remainder: 0000000, Quotient: 01110110, Valid: 0
Remainder: 1100011, Quotient: 01110110, Valid: 0
Remainder: 0000000, Quotient: 11101100, Valid: 0
Remainder: 1100011, Quotient: 11101100, Valid: 0
Remainder: 0000000, Quotient: 11011000, Valid: 0
Remainder: 1100011, Quotient: 11011000, Valid: 0
Remainder: 0000001, Quotient: 10110000, Valid: 0
Remainder: 1100100, Quotient: 10110000, Valid: 0
Remainder: 0000011, Quotient: 01100000, Valid: 0
Remainder: 1100110, Quotient: 01100000, Valid: 0
Remainder: 0000111, Quotient: 11000000, Valid: 0
Remainder: 1101010, Quotient: 11000000, Valid: 0
Remainder: 0001110, Quotient: 10000000, Valid: 0
Remainder: 1110001, Quotient: 10000000, Valid: 0
Remainder: 0011101, Quotient: 00000000, Valid: 0
Remainder: 0000000, Quotient: 00000000, Valid: 0
Remainder: 0000001, Quotient: 00000001, Valid: 1
Pass:  59/ 58 =   1 rem   1
Dividen: 126, 01111110
Divisor:  21, 0010101
Quotient:   6, 00000110
Remainder: 0000000, Quotient: 11111100, Valid: 0
Remainder: 1110101, Quotient: 11111100, Valid: 0
Remainder: 0000000, Quotient: 11111000, Valid: 0
Remainder: 1110110, Quotient: 11111000, Valid: 0
Remainder: 0000001, Quotient: 11110000, Valid: 0
Remainder: 1110111, Quotient: 11110000, Valid: 0
Remainder: 0000011, Quotient: 11100000, Valid: 0
Remainder: 1111001, Quotient: 11100000, Valid: 0
Remainder: 0000111, Quotient: 11000000, Valid: 0
Remainder: 1111101, Quotient: 11000000, Valid: 0
Remainder: 0001111, Quotient: 10000000, Valid: 0
Remainder: 0000101, Quotient: 10000000, Valid: 0
Remainder: 0001010, Quotient: 00000001, Valid: 0
Remainder: 0000000, Quotient: 00000001, Valid: 0
Remainder: 0000000, Quotient: 00000011, Valid: 0
Remainder: 1110101, Quotient: 00000011, Valid: 0
Remainder: 0000000, Quotient: 00000110, Valid: 1
Pass: 126/ 21 =   6 rem   0
Dividen: 241, 11110001
Divisor:  89, 1011001
Quotient:   2, 00000010
Remainder: 0000000, Quotient: 11100010, Valid: 0
Remainder: 1010100, Quotient: 11100010, Valid: 0
Remainder: 0000001, Quotient: 11000100, Valid: 0
Remainder: 1010101, Quotient: 11000100, Valid: 0
Remainder: 0000011, Quotient: 10001000, Valid: 0
Remainder: 1010111, Quotient: 10001000, Valid: 0
Remainder: 0000111, Quotient: 00010000, Valid: 0
Remainder: 1011011, Quotient: 00010000, Valid: 0
Remainder: 0001111, Quotient: 00100000, Valid: 0
Remainder: 1100010, Quotient: 00100000, Valid: 0
Remainder: 0011110, Quotient: 01000000, Valid: 0
Remainder: 1110001, Quotient: 01000000, Valid: 0
Remainder: 0111100, Quotient: 10000000, Valid: 0
Remainder: 0001111, Quotient: 10000000, Valid: 0
Remainder: 0011111, Quotient: 00000001, Valid: 0
Remainder: 1110011, Quotient: 00000001, Valid: 0
Remainder: 0111111, Quotient: 00000010, Valid: 1
Pass: 241/ 89 =   2 rem  63
Dividen:  98, 01100010
Divisor:  76, 1001100
Quotient:   1, 00000001
Remainder: 0000000, Quotient: 11000100, Valid: 0
Remainder: 1011010, Quotient: 11000100, Valid: 0
Remainder: 0000000, Quotient: 10001000, Valid: 0
Remainder: 1011010, Quotient: 10001000, Valid: 0
Remainder: 0000001, Quotient: 00010000, Valid: 0
Remainder: 1011011, Quotient: 00010000, Valid: 0
Remainder: 0000011, Quotient: 00100000, Valid: 0
Remainder: 1011101, Quotient: 00100000, Valid: 0
Remainder: 0000110, Quotient: 01000000, Valid: 0
Remainder: 1100000, Quotient: 01000000, Valid: 0
Remainder: 0001100, Quotient: 10000000, Valid: 0
Remainder: 1100110, Quotient: 10000000, Valid: 0
Remainder: 0011000, Quotient: 00000000, Valid: 0
Remainder: 1110010, Quotient: 00000000, Valid: 0
Remainder: 0110001, Quotient: 00000000, Valid: 0
Remainder: 0001011, Quotient: 00000000, Valid: 0
Remainder: 0010110, Quotient: 00000001, Valid: 1
Pass:  98/ 76 =   1 rem  22
Dividen: 159, 10011111
Divisor:  15, 0001111
Quotient:  10, 00001010
Remainder: 0000000, Quotient: 00111110, Valid: 0
Remainder: 1111001, Quotient: 00111110, Valid: 0
Remainder: 0000001, Quotient: 01111100, Valid: 0
Remainder: 1111001, Quotient: 01111100, Valid: 0
Remainder: 0000010, Quotient: 11111000, Valid: 0
Remainder: 1111010, Quotient: 11111000, Valid: 0
Remainder: 0000100, Quotient: 11110000, Valid: 0
Remainder: 1111101, Quotient: 11110000, Valid: 0
Remainder: 0001001, Quotient: 11100000, Valid: 0
Remainder: 0000010, Quotient: 11100000, Valid: 0
Remainder: 0000100, Quotient: 11000001, Valid: 0
Remainder: 1111101, Quotient: 11000001, Valid: 0
Remainder: 0001001, Quotient: 10000010, Valid: 0
Remainder: 0000010, Quotient: 10000010, Valid: 0
Remainder: 0000100, Quotient: 00000101, Valid: 0
Remainder: 1111101, Quotient: 00000101, Valid: 0
Remainder: 0001001, Quotient: 00001010, Valid: 1
Pass: 159/ 15 =  10 rem   9
Dividen: 248, 11111000
Divisor:  55, 0110111
Quotient:   4, 00000100
Remainder: 0000000, Quotient: 11110000, Valid: 0
Remainder: 1100101, Quotient: 11110000, Valid: 0
Remainder: 0000001, Quotient: 11100000, Valid: 0
Remainder: 1100110, Quotient: 11100000, Valid: 0
Remainder: 0000011, Quotient: 11000000, Valid: 0
Remainder: 1101000, Quotient: 11000000, Valid: 0
Remainder: 0000111, Quotient: 10000000, Valid: 0
Remainder: 1101100, Quotient: 10000000, Valid: 0
Remainder: 0001111, Quotient: 00000000, Valid: 0
Remainder: 1110100, Quotient: 00000000, Valid: 0
Remainder: 0011111, Quotient: 00000000, Valid: 0
Remainder: 0000011, Quotient: 00000000, Valid: 0
Remainder: 0000111, Quotient: 00000001, Valid: 0
Remainder: 1101011, Quotient: 00000001, Valid: 0
Remainder: 0001110, Quotient: 00000010, Valid: 0
Remainder: 1110010, Quotient: 00000010, Valid: 0
Remainder: 0011100, Quotient: 00000100, Valid: 1
Pass: 248/ 55 =   4 rem  28
Dividen: 159, 10011111
Divisor:  92, 1011100
Quotient:   1, 00000001
Remainder: 0000000, Quotient: 00111110, Valid: 0
Remainder: 1010010, Quotient: 00111110, Valid: 0
Remainder: 0000001, Quotient: 01111100, Valid: 0
Remainder: 1010011, Quotient: 01111100, Valid: 0
Remainder: 0000010, Quotient: 11111000, Valid: 0
Remainder: 1010100, Quotient: 11111000, Valid: 0
Remainder: 0000100, Quotient: 11110000, Valid: 0
Remainder: 1010110, Quotient: 11110000, Valid: 0
Remainder: 0001001, Quotient: 11100000, Valid: 0
Remainder: 1011011, Quotient: 11100000, Valid: 0
Remainder: 0010011, Quotient: 11000000, Valid: 0
Remainder: 1100101, Quotient: 11000000, Valid: 0
Remainder: 0100111, Quotient: 10000000, Valid: 0
Remainder: 1111001, Quotient: 10000000, Valid: 0
Remainder: 1001111, Quotient: 00000000, Valid: 0
Remainder: 0100001, Quotient: 00000000, Valid: 0
Remainder: 1000011, Quotient: 00000001, Valid: 1
Pass: 159/ 92 =   1 rem  67
Number test cases passed:          40
Number test cases failed:           0
Good work!
L62 "test_divider.v": $finish at simulation time 7210000
0 simulation events (use +profile or +listcounts option to count)
CPU time: 0.0 secs to compile + 0.0 secs to link + 0.0 secs in simulation
End of Tool:	VERILOG-XL	08.20.001-p   Mar 28, 2015  21:50:07
